TN:
SF:C:\Users\Lenovo\WebstormProjects\Internship\Training\edward_mbkm\test\src\smart_hardhat\contracts\Library.sol
FN:16,onlyAdmin
FN:21,constructor
FN:25,addBook
FN:31,updateBook
FN:36,removeBook
FN:41,getBook
FNF:6
FNH:0
FNDA:0,onlyAdmin
FNDA:0,constructor
FNDA:0,addBook
FNDA:0,updateBook
FNDA:0,removeBook
FNDA:0,getBook
DA:17,0
DA:18,0
DA:22,0
DA:26,0
DA:27,0
DA:28,0
DA:32,0
DA:33,0
DA:37,0
DA:38,0
DA:42,0
DA:43,0
LF:12
LH:0
BRDA:17,1,0,0
BRDA:17,1,1,0
BRDA:25,2,0,0
BRDA:25,2,1,0
BRDA:26,3,0,0
BRDA:26,3,1,0
BRDA:31,4,0,0
BRDA:31,4,1,0
BRDA:32,5,0,0
BRDA:32,5,1,0
BRDA:36,6,0,0
BRDA:36,6,1,0
BRDA:37,7,0,0
BRDA:37,7,1,0
BRDA:42,8,0,0
BRDA:42,8,1,0
BRF:16
BRH:0
end_of_record
