{"contracts\\Library.sol":{"l":{"17":0,"18":0,"22":0,"26":0,"27":0,"28":0,"32":0,"33":0,"37":0,"38":0,"42":0,"43":0},"path":"C:\\Users\\Lenovo\\WebstormProjects\\Internship\\Training\\edward_mbkm\\test\\src\\smart_hardhat\\contracts\\Library.sol","s":{"1":0,"2":0,"3":0,"4":0,"5":0,"6":0,"7":0},"b":{"1":[0,0],"2":[0,0],"3":[0,0],"4":[0,0],"5":[0,0],"6":[0,0],"7":[0,0],"8":[0,0]},"f":{"1":0,"2":0,"3":0,"4":0,"5":0,"6":0},"fnMap":{"1":{"name":"onlyAdmin","line":16,"loc":{"start":{"line":16,"column":4},"end":{"line":19,"column":4}}},"2":{"name":"constructor","line":21,"loc":{"start":{"line":21,"column":4},"end":{"line":23,"column":4}}},"3":{"name":"addBook","line":25,"loc":{"start":{"line":25,"column":4},"end":{"line":29,"column":4}}},"4":{"name":"updateBook","line":31,"loc":{"start":{"line":31,"column":4},"end":{"line":34,"column":4}}},"5":{"name":"removeBook","line":36,"loc":{"start":{"line":36,"column":4},"end":{"line":39,"column":4}}},"6":{"name":"getBook","line":41,"loc":{"start":{"line":41,"column":4},"end":{"line":44,"column":4}}}},"statementMap":{"1":{"start":{"line":17,"column":8},"end":{"line":17,"column":73}},"2":{"start":{"line":26,"column":8},"end":{"line":26,"column":85}},"3":{"start":{"line":27,"column":8},"end":{"line":27,"column":65}},"4":{"start":{"line":32,"column":8},"end":{"line":32,"column":84}},"5":{"start":{"line":37,"column":8},"end":{"line":37,"column":84}},"6":{"start":{"line":42,"column":8},"end":{"line":42,"column":84}},"7":{"start":{"line":43,"column":8},"end":{"line":43,"column":94}}},"branchMap":{"1":{"line":17,"type":"if","locations":[{"start":{"line":17,"column":8},"end":{"line":17,"column":8}},{"start":{"line":17,"column":8},"end":{"line":17,"column":8}}]},"2":{"line":25,"type":"if","locations":[{"start":{"line":25,"column":109},"end":{"line":25,"column":109}},{"start":{"line":25,"column":109},"end":{"line":25,"column":109}}]},"3":{"line":26,"type":"if","locations":[{"start":{"line":26,"column":8},"end":{"line":26,"column":8}},{"start":{"line":26,"column":8},"end":{"line":26,"column":8}}]},"4":{"line":31,"type":"if","locations":[{"start":{"line":31,"column":112},"end":{"line":31,"column":112}},{"start":{"line":31,"column":112},"end":{"line":31,"column":112}}]},"5":{"line":32,"type":"if","locations":[{"start":{"line":32,"column":8},"end":{"line":32,"column":8}},{"start":{"line":32,"column":8},"end":{"line":32,"column":8}}]},"6":{"line":36,"type":"if","locations":[{"start":{"line":36,"column":52},"end":{"line":36,"column":52}},{"start":{"line":36,"column":52},"end":{"line":36,"column":52}}]},"7":{"line":37,"type":"if","locations":[{"start":{"line":37,"column":8},"end":{"line":37,"column":8}},{"start":{"line":37,"column":8},"end":{"line":37,"column":8}}]},"8":{"line":42,"type":"if","locations":[{"start":{"line":42,"column":8},"end":{"line":42,"column":8}},{"start":{"line":42,"column":8},"end":{"line":42,"column":8}}]}}}}